0 info it worked if it ends with ok
1 verbose cli [ 'C:\\Program Files\\nodejs\\node.exe',
1 verbose cli   'C:\\Program Files\\nodejs\\node_modules\\npm\\bin\\npm-cli.js',
1 verbose cli   'link' ]
2 info using npm@3.10.10
3 info using node@v6.9.4
4 verbose linkPkg D:\JS\js-homework\lesson3_cloud_server\filesync
5 silly gentlyRm C:\Users\olga.tigirova\AppData\Roaming\npm\node_modules\filesync is being purged
6 verbose gentlyRm don't care about contents; nuking C:\Users\olga.tigirova\AppData\Roaming\npm\node_modules\filesync
7 verbose link build target C:\Users\olga.tigirova\AppData\Roaming\npm\node_modules\filesync
8 silly loadCurrentTree Starting
9 silly install loadCurrentTree
10 silly install readLocalPackageData
11 silly install normalizeTree
12 silly loadCurrentTree Finishing
13 silly loadIdealTree Starting
14 silly install loadIdealTree
15 silly cloneCurrentTree Starting
16 silly install cloneCurrentTreeToIdealTree
17 silly cloneCurrentTree Finishing
18 silly loadShrinkwrap Starting
19 silly install loadShrinkwrap
20 silly loadShrinkwrap Finishing
21 silly loadAllDepsIntoIdealTree Starting
22 silly install loadAllDepsIntoIdealTree
23 silly fetchNamedPackageData ascii-progress
24 silly mapToRegistry name ascii-progress
25 silly mapToRegistry using default registry
26 silly mapToRegistry registry https://registry.npmjs.org/
27 silly mapToRegistry data Result {
27 silly mapToRegistry   raw: 'ascii-progress',
27 silly mapToRegistry   scope: null,
27 silly mapToRegistry   escapedName: 'ascii-progress',
27 silly mapToRegistry   name: 'ascii-progress',
27 silly mapToRegistry   rawSpec: '',
27 silly mapToRegistry   spec: 'latest',
27 silly mapToRegistry   type: 'tag' }
28 silly mapToRegistry uri https://registry.npmjs.org/ascii-progress
29 silly fetchNamedPackageData get-cursor-position
30 silly mapToRegistry name get-cursor-position
31 silly mapToRegistry using default registry
32 silly mapToRegistry registry https://registry.npmjs.org/
33 silly mapToRegistry data Result {
33 silly mapToRegistry   raw: 'get-cursor-position',
33 silly mapToRegistry   scope: null,
33 silly mapToRegistry   escapedName: 'get-cursor-position',
33 silly mapToRegistry   name: 'get-cursor-position',
33 silly mapToRegistry   rawSpec: '',
33 silly mapToRegistry   spec: 'latest',
33 silly mapToRegistry   type: 'tag' }
34 silly mapToRegistry uri https://registry.npmjs.org/get-cursor-position
35 verbose request uri https://registry.npmjs.org/get-cursor-position
36 verbose request no auth needed
37 info attempt registry request try #1 at 10:21:36 AM
38 verbose request using bearer token for auth
39 verbose request id 109e6a91e5b6c811
40 verbose etag W/"5817ff97-2e8a"
41 verbose lastModified Tue, 01 Nov 2016 02:36:07 GMT
42 http request GET https://registry.npmjs.org/get-cursor-position
43 verbose request uri https://registry.npmjs.org/ascii-progress
44 verbose request no auth needed
45 info attempt registry request try #1 at 10:21:36 AM
46 verbose request using bearer token for auth
47 verbose etag W/"5817ffd6-3417"
48 verbose lastModified Tue, 01 Nov 2016 02:37:10 GMT
49 http request GET https://registry.npmjs.org/ascii-progress
50 http 304 https://registry.npmjs.org/get-cursor-position
51 verbose headers { server: 'nginx/1.10.1',
51 verbose headers   'last-modified': 'Tue, 01 Nov 2016 02:36:07 GMT',
51 verbose headers   etag: '"5817ff97-2e8a"',
51 verbose headers   'cache-control': 'max-age=300',
51 verbose headers   'accept-ranges': 'bytes',
51 verbose headers   date: 'Mon, 23 Jan 2017 08:21:36 GMT',
51 verbose headers   via: '1.1 varnish',
51 verbose headers   connection: 'keep-alive',
51 verbose headers   'x-served-by': 'cache-hhn1537-HHN',
51 verbose headers   'x-cache': 'MISS',
51 verbose headers   'x-cache-hits': '0',
51 verbose headers   'x-timer': 'S1485159696.107467,VS0,VE22',
51 verbose headers   vary: 'Accept-Encoding' }
52 silly get cb [ 304,
52 silly get   { server: 'nginx/1.10.1',
52 silly get     'last-modified': 'Tue, 01 Nov 2016 02:36:07 GMT',
52 silly get     etag: '"5817ff97-2e8a"',
52 silly get     'cache-control': 'max-age=300',
52 silly get     'accept-ranges': 'bytes',
52 silly get     date: 'Mon, 23 Jan 2017 08:21:36 GMT',
52 silly get     via: '1.1 varnish',
52 silly get     connection: 'keep-alive',
52 silly get     'x-served-by': 'cache-hhn1537-HHN',
52 silly get     'x-cache': 'MISS',
52 silly get     'x-cache-hits': '0',
52 silly get     'x-timer': 'S1485159696.107467,VS0,VE22',
52 silly get     vary: 'Accept-Encoding' } ]
53 verbose etag https://registry.npmjs.org/get-cursor-position from cache
54 verbose get saving get-cursor-position to C:\Users\olga.tigirova\AppData\Roaming\npm-cache\registry.npmjs.org\get-cursor-position\.cache.json
55 verbose correctMkdir C:\Users\olga.tigirova\AppData\Roaming\npm-cache correctMkdir not in flight; initializing
56 http 304 https://registry.npmjs.org/ascii-progress
57 verbose headers { server: 'nginx/1.10.1',
57 verbose headers   'last-modified': 'Tue, 01 Nov 2016 02:37:10 GMT',
57 verbose headers   etag: '"5817ffd6-3417"',
57 verbose headers   'cache-control': 'max-age=300',
57 verbose headers   'accept-ranges': 'bytes',
57 verbose headers   date: 'Mon, 23 Jan 2017 08:21:36 GMT',
57 verbose headers   via: '1.1 varnish',
57 verbose headers   connection: 'keep-alive',
57 verbose headers   'x-served-by': 'cache-hhn1524-HHN',
57 verbose headers   'x-cache': 'MISS',
57 verbose headers   'x-cache-hits': '0',
57 verbose headers   'x-timer': 'S1485159696.150363,VS0,VE1',
57 verbose headers   vary: 'Accept-Encoding' }
58 silly get cb [ 304,
58 silly get   { server: 'nginx/1.10.1',
58 silly get     'last-modified': 'Tue, 01 Nov 2016 02:37:10 GMT',
58 silly get     etag: '"5817ffd6-3417"',
58 silly get     'cache-control': 'max-age=300',
58 silly get     'accept-ranges': 'bytes',
58 silly get     date: 'Mon, 23 Jan 2017 08:21:36 GMT',
58 silly get     via: '1.1 varnish',
58 silly get     connection: 'keep-alive',
58 silly get     'x-served-by': 'cache-hhn1524-HHN',
58 silly get     'x-cache': 'MISS',
58 silly get     'x-cache-hits': '0',
58 silly get     'x-timer': 'S1485159696.150363,VS0,VE1',
58 silly get     vary: 'Accept-Encoding' } ]
59 verbose etag https://registry.npmjs.org/ascii-progress from cache
60 verbose get saving ascii-progress to C:\Users\olga.tigirova\AppData\Roaming\npm-cache\registry.npmjs.org\ascii-progress\.cache.json
61 verbose correctMkdir C:\Users\olga.tigirova\AppData\Roaming\npm-cache correctMkdir not in flight; initializing
62 silly resolveWithNewModule get-cursor-position@1.0.3 checking installable status
63 silly cache add args [ 'get-cursor-position@^1.0.3', null ]
64 verbose cache add spec get-cursor-position@^1.0.3
65 silly cache add parsed spec Result {
65 silly cache add   raw: 'get-cursor-position@^1.0.3',
65 silly cache add   scope: null,
65 silly cache add   escapedName: 'get-cursor-position',
65 silly cache add   name: 'get-cursor-position',
65 silly cache add   rawSpec: '^1.0.3',
65 silly cache add   spec: '>=1.0.3 <2.0.0',
65 silly cache add   type: 'range' }
66 silly addNamed get-cursor-position@>=1.0.3 <2.0.0
67 verbose addNamed ">=1.0.3 <2.0.0" is a valid semver range for get-cursor-position
68 silly addNameRange { name: 'get-cursor-position',
68 silly addNameRange   range: '>=1.0.3 <2.0.0',
68 silly addNameRange   hasData: false }
69 silly mapToRegistry name get-cursor-position
70 silly mapToRegistry using default registry
71 silly mapToRegistry registry https://registry.npmjs.org/
72 silly mapToRegistry data Result {
72 silly mapToRegistry   raw: 'get-cursor-position',
72 silly mapToRegistry   scope: null,
72 silly mapToRegistry   escapedName: 'get-cursor-position',
72 silly mapToRegistry   name: 'get-cursor-position',
72 silly mapToRegistry   rawSpec: '',
72 silly mapToRegistry   spec: 'latest',
72 silly mapToRegistry   type: 'tag' }
73 silly mapToRegistry uri https://registry.npmjs.org/get-cursor-position
74 verbose addNameRange registry:https://registry.npmjs.org/get-cursor-position not in flight; fetching
75 silly resolveWithNewModule ascii-progress@1.0.5 checking installable status
76 silly cache add args [ 'ascii-progress@^1.0.5', null ]
77 verbose cache add spec ascii-progress@^1.0.5
78 silly cache add parsed spec Result {
78 silly cache add   raw: 'ascii-progress@^1.0.5',
78 silly cache add   scope: null,
78 silly cache add   escapedName: 'ascii-progress',
78 silly cache add   name: 'ascii-progress',
78 silly cache add   rawSpec: '^1.0.5',
78 silly cache add   spec: '>=1.0.5 <2.0.0',
78 silly cache add   type: 'range' }
79 silly addNamed ascii-progress@>=1.0.5 <2.0.0
80 verbose addNamed ">=1.0.5 <2.0.0" is a valid semver range for ascii-progress
81 silly addNameRange { name: 'ascii-progress',
81 silly addNameRange   range: '>=1.0.5 <2.0.0',
81 silly addNameRange   hasData: false }
82 silly mapToRegistry name ascii-progress
83 silly mapToRegistry using default registry
84 silly mapToRegistry registry https://registry.npmjs.org/
85 silly mapToRegistry data Result {
85 silly mapToRegistry   raw: 'ascii-progress',
85 silly mapToRegistry   scope: null,
85 silly mapToRegistry   escapedName: 'ascii-progress',
85 silly mapToRegistry   name: 'ascii-progress',
85 silly mapToRegistry   rawSpec: '',
85 silly mapToRegistry   spec: 'latest',
85 silly mapToRegistry   type: 'tag' }
86 silly mapToRegistry uri https://registry.npmjs.org/ascii-progress
87 verbose addNameRange registry:https://registry.npmjs.org/ascii-progress not in flight; fetching
88 verbose get https://registry.npmjs.org/get-cursor-position not expired, no request
89 silly addNameRange number 2 { name: 'get-cursor-position',
89 silly addNameRange   range: '>=1.0.3 <2.0.0',
89 silly addNameRange   hasData: true }
90 silly addNameRange versions [ 'get-cursor-position',
90 silly addNameRange   [ '0.0.1',
90 silly addNameRange     '0.0.2',
90 silly addNameRange     '0.0.4',
90 silly addNameRange     '0.0.5',
90 silly addNameRange     '1.0.0',
90 silly addNameRange     '1.0.1',
90 silly addNameRange     '1.0.2',
90 silly addNameRange     '1.0.3' ] ]
91 silly addNamed get-cursor-position@1.0.3
92 verbose addNamed "1.0.3" is a plain semver version for get-cursor-position
93 verbose get https://registry.npmjs.org/ascii-progress not expired, no request
94 silly addNameRange number 2 { name: 'ascii-progress',
94 silly addNameRange   range: '>=1.0.5 <2.0.0',
94 silly addNameRange   hasData: true }
95 silly addNameRange versions [ 'ascii-progress',
95 silly addNameRange   [ '1.0.0', '1.0.1', '1.0.2', '1.0.3', '1.0.4', '1.0.5' ] ]
96 silly addNamed ascii-progress@1.0.5
97 verbose addNamed "1.0.5" is a plain semver version for ascii-progress
98 silly cache afterAdd get-cursor-position@1.0.3
99 verbose afterAdd C:\Users\olga.tigirova\AppData\Roaming\npm-cache\get-cursor-position\1.0.3\package\package.json not in flight; writing
100 verbose correctMkdir C:\Users\olga.tigirova\AppData\Roaming\npm-cache correctMkdir not in flight; initializing
101 silly cache afterAdd ascii-progress@1.0.5
102 verbose afterAdd C:\Users\olga.tigirova\AppData\Roaming\npm-cache\ascii-progress\1.0.5\package\package.json not in flight; writing
103 verbose correctMkdir C:\Users\olga.tigirova\AppData\Roaming\npm-cache correctMkdir not in flight; initializing
104 verbose afterAdd C:\Users\olga.tigirova\AppData\Roaming\npm-cache\get-cursor-position\1.0.3\package\package.json written
105 verbose afterAdd C:\Users\olga.tigirova\AppData\Roaming\npm-cache\ascii-progress\1.0.5\package\package.json written
106 silly loadAllDepsIntoIdealTree Finishing
107 silly loadIdealTree Finishing
108 silly currentTree filesync@0.0.2
108 silly currentTree +-- ansi-regex@2.1.1
108 silly currentTree +-- ansi-styles@2.2.1
108 silly currentTree +-- ansi.js@0.0.5
108 silly currentTree | `-- on-new-line@0.0.1
108 silly currentTree +-- asynckit@0.4.0
108 silly currentTree +-- bluebird@3.4.7
108 silly currentTree +-- buffer-shims@1.0.0
108 silly currentTree +-- chalk@1.1.3
108 silly currentTree +-- cli-progress@1.3.0
108 silly currentTree +-- combined-stream@1.0.5
108 silly currentTree +-- commander@2.9.0
108 silly currentTree +-- component-emitter@1.2.1
108 silly currentTree +-- cookiejar@2.1.0
108 silly currentTree +-- core-util-is@1.0.2
108 silly currentTree +-- debug@2.6.0
108 silly currentTree +-- delayed-stream@1.0.0
108 silly currentTree +-- end-with@1.0.2
108 silly currentTree +-- escape-string-regexp@1.0.5
108 silly currentTree +-- extend@3.0.0
108 silly currentTree +-- form-data@2.1.2
108 silly currentTree +-- formidable@1.1.1
108 silly currentTree +-- graceful-readlink@1.0.1
108 silly currentTree +-- has-ansi@2.0.0
108 silly currentTree +-- inherits@2.0.3
108 silly currentTree +-- isarray@1.0.0
108 silly currentTree +-- methods@1.1.2
108 silly currentTree +-- mime-db@1.26.0
108 silly currentTree +-- mime-types@2.1.14
108 silly currentTree +-- mime@1.3.4
108 silly currentTree +-- ms@0.7.2
108 silly currentTree +-- mute-stream@0.0.7
108 silly currentTree +-- on-new-line@1.0.0
108 silly currentTree +-- process-nextick-args@1.0.7
108 silly currentTree +-- promptly@2.1.0
108 silly currentTree +-- qs@6.3.0
108 silly currentTree +-- read@1.0.7
108 silly currentTree +-- readable-stream@2.2.2
108 silly currentTree +-- start-with@1.0.2
108 silly currentTree +-- string_decoder@0.10.31
108 silly currentTree +-- strip-ansi@3.0.1
108 silly currentTree +-- superagent@3.3.2
108 silly currentTree +-- supports-color@2.0.0
108 silly currentTree `-- util-deprecate@1.0.2
109 silly idealTree filesync@0.0.2
109 silly idealTree +-- ansi-regex@2.1.1
109 silly idealTree +-- ansi-styles@2.2.1
109 silly idealTree +-- ansi.js@0.0.5
109 silly idealTree | `-- on-new-line@0.0.1
109 silly idealTree +-- ascii-progress@1.0.5
109 silly idealTree +-- asynckit@0.4.0
109 silly idealTree +-- bluebird@3.4.7
109 silly idealTree +-- buffer-shims@1.0.0
109 silly idealTree +-- chalk@1.1.3
109 silly idealTree +-- cli-progress@1.3.0
109 silly idealTree +-- combined-stream@1.0.5
109 silly idealTree +-- commander@2.9.0
109 silly idealTree +-- component-emitter@1.2.1
109 silly idealTree +-- cookiejar@2.1.0
109 silly idealTree +-- core-util-is@1.0.2
109 silly idealTree +-- debug@2.6.0
109 silly idealTree +-- delayed-stream@1.0.0
109 silly idealTree +-- end-with@1.0.2
109 silly idealTree +-- escape-string-regexp@1.0.5
109 silly idealTree +-- extend@3.0.0
109 silly idealTree +-- form-data@2.1.2
109 silly idealTree +-- formidable@1.1.1
109 silly idealTree +-- get-cursor-position@1.0.3
109 silly idealTree +-- graceful-readlink@1.0.1
109 silly idealTree +-- has-ansi@2.0.0
109 silly idealTree +-- inherits@2.0.3
109 silly idealTree +-- isarray@1.0.0
109 silly idealTree +-- methods@1.1.2
109 silly idealTree +-- mime-db@1.26.0
109 silly idealTree +-- mime-types@2.1.14
109 silly idealTree +-- mime@1.3.4
109 silly idealTree +-- ms@0.7.2
109 silly idealTree +-- mute-stream@0.0.7
109 silly idealTree +-- on-new-line@1.0.0
109 silly idealTree +-- process-nextick-args@1.0.7
109 silly idealTree +-- promptly@2.1.0
109 silly idealTree +-- qs@6.3.0
109 silly idealTree +-- read@1.0.7
109 silly idealTree +-- readable-stream@2.2.2
109 silly idealTree +-- start-with@1.0.2
109 silly idealTree +-- string_decoder@0.10.31
109 silly idealTree +-- strip-ansi@3.0.1
109 silly idealTree +-- superagent@3.3.2
109 silly idealTree +-- supports-color@2.0.0
109 silly idealTree `-- util-deprecate@1.0.2
110 silly generateActionsToTake Starting
111 silly install generateActionsToTake
112 silly generateActionsToTake Finishing
113 silly diffTrees action count 2
114 silly diffTrees add get-cursor-position@1.0.3
115 silly diffTrees add ascii-progress@1.0.5
116 silly decomposeActions action count 16
117 silly decomposeActions fetch get-cursor-position@1.0.3
118 silly decomposeActions extract get-cursor-position@1.0.3
119 silly decomposeActions test get-cursor-position@1.0.3
120 silly decomposeActions preinstall get-cursor-position@1.0.3
121 silly decomposeActions build get-cursor-position@1.0.3
122 silly decomposeActions install get-cursor-position@1.0.3
123 silly decomposeActions postinstall get-cursor-position@1.0.3
124 silly decomposeActions finalize get-cursor-position@1.0.3
125 silly decomposeActions fetch ascii-progress@1.0.5
126 silly decomposeActions extract ascii-progress@1.0.5
127 silly decomposeActions test ascii-progress@1.0.5
128 silly decomposeActions preinstall ascii-progress@1.0.5
129 silly decomposeActions build ascii-progress@1.0.5
130 silly decomposeActions install ascii-progress@1.0.5
131 silly decomposeActions postinstall ascii-progress@1.0.5
132 silly decomposeActions finalize ascii-progress@1.0.5
133 silly runTopLevelLifecycles Starting
134 silly install runPreinstallTopLevelLifecycles
135 silly preinstall filesync@0.0.2 D:\JS\js-homework\lesson3_cloud_server\filesync\filesync-8c766389
136 info lifecycle filesync@0.0.2~preinstall: filesync@0.0.2
137 silly lifecycle filesync@0.0.2~preinstall: no script for preinstall, continuing
138 silly executeActions Starting
139 silly install executeActions
140 silly doSerial global-install 0
141 silly doParallel fetch 2
142 verbose correctMkdir C:\Users\olga.tigirova\AppData\Roaming\npm-cache\_locks correctMkdir not in flight; initializing
143 verbose lock using C:\Users\olga.tigirova\AppData\Roaming\npm-cache\_locks\staging-f9ae57b4dab2bef7.lock for D:\JS\js-homework\lesson3_cloud_server\filesync\node_modules\.staging
144 silly doParallel extract 2
145 silly extract get-cursor-position@1.0.3
146 silly extract ascii-progress@1.0.5
147 verbose unbuild node_modules\.staging\get-cursor-position-c51e7469
148 verbose unbuild node_modules\.staging\ascii-progress-b9e47be1
149 silly gentlyRm D:\JS\js-homework\lesson3_cloud_server\filesync\node_modules\.staging\get-cursor-position-c51e7469 is being purged from base D:\JS\js-homework\lesson3_cloud_server\filesync
150 verbose gentlyRm don't care about contents; nuking D:\JS\js-homework\lesson3_cloud_server\filesync\node_modules\.staging\get-cursor-position-c51e7469
151 silly gentlyRm D:\JS\js-homework\lesson3_cloud_server\filesync\node_modules\.staging\ascii-progress-b9e47be1 is being purged from base D:\JS\js-homework\lesson3_cloud_server\filesync
152 verbose gentlyRm don't care about contents; nuking D:\JS\js-homework\lesson3_cloud_server\filesync\node_modules\.staging\ascii-progress-b9e47be1
153 verbose tar unpack C:\Users\olga.tigirova\AppData\Roaming\npm-cache\get-cursor-position\1.0.3\package.tgz
154 verbose tar unpacking to D:\JS\js-homework\lesson3_cloud_server\filesync\node_modules\.staging\get-cursor-position-c51e7469
155 silly gentlyRm D:\JS\js-homework\lesson3_cloud_server\filesync\node_modules\.staging\get-cursor-position-c51e7469 is being purged
156 verbose gentlyRm don't care about contents; nuking D:\JS\js-homework\lesson3_cloud_server\filesync\node_modules\.staging\get-cursor-position-c51e7469
157 verbose tar unpack C:\Users\olga.tigirova\AppData\Roaming\npm-cache\ascii-progress\1.0.5\package.tgz
158 verbose tar unpacking to D:\JS\js-homework\lesson3_cloud_server\filesync\node_modules\.staging\ascii-progress-b9e47be1
159 silly gentlyRm D:\JS\js-homework\lesson3_cloud_server\filesync\node_modules\.staging\ascii-progress-b9e47be1 is being purged
160 verbose gentlyRm don't care about contents; nuking D:\JS\js-homework\lesson3_cloud_server\filesync\node_modules\.staging\ascii-progress-b9e47be1
161 silly gunzTarPerm modes [ '777', '666' ]
162 silly gunzTarPerm modes [ '777', '666' ]
163 silly gunzTarPerm extractEntry package.json
164 silly gunzTarPerm modified mode [ 'package.json', 420, 438 ]
165 silly gunzTarPerm extractEntry package.json
166 silly gunzTarPerm modified mode [ 'package.json', 420, 438 ]
167 silly gunzTarPerm extractEntry README.md
168 silly gunzTarPerm modified mode [ 'README.md', 420, 438 ]
169 silly gunzTarPerm extractEntry LICENSE
170 silly gunzTarPerm modified mode [ 'LICENSE', 420, 438 ]
171 silly gunzTarPerm extractEntry README.md
172 silly gunzTarPerm modified mode [ 'README.md', 420, 438 ]
173 silly gunzTarPerm extractEntry LICENSE
174 silly gunzTarPerm modified mode [ 'LICENSE', 420, 438 ]
175 silly gunzTarPerm extractEntry index.js
176 silly gunzTarPerm modified mode [ 'index.js', 420, 438 ]
177 silly gunzTarPerm extractEntry binding.gyp
178 silly gunzTarPerm modified mode [ 'binding.gyp', 420, 438 ]
179 silly gunzTarPerm extractEntry src/pos.cc
180 silly gunzTarPerm modified mode [ 'src/pos.cc', 420, 438 ]
181 silly gunzTarPerm extractEntry index.js
182 silly gunzTarPerm modified mode [ 'index.js', 420, 438 ]
183 silly gentlyRm D:\JS\js-homework\lesson3_cloud_server\filesync\node_modules\.staging\get-cursor-position-c51e7469\node_modules is being purged
184 verbose gentlyRm don't care about contents; nuking D:\JS\js-homework\lesson3_cloud_server\filesync\node_modules\.staging\get-cursor-position-c51e7469\node_modules
185 silly gentlyRm D:\JS\js-homework\lesson3_cloud_server\filesync\node_modules\.staging\ascii-progress-b9e47be1\node_modules is being purged
186 verbose gentlyRm don't care about contents; nuking D:\JS\js-homework\lesson3_cloud_server\filesync\node_modules\.staging\ascii-progress-b9e47be1\node_modules
187 silly doParallel preinstall 2
188 silly preinstall get-cursor-position@1.0.3 D:\JS\js-homework\lesson3_cloud_server\filesync\node_modules\.staging\get-cursor-position-c51e7469
189 info lifecycle get-cursor-position@1.0.3~preinstall: get-cursor-position@1.0.3
190 silly preinstall ascii-progress@1.0.5 D:\JS\js-homework\lesson3_cloud_server\filesync\node_modules\.staging\ascii-progress-b9e47be1
191 info lifecycle ascii-progress@1.0.5~preinstall: ascii-progress@1.0.5
192 silly lifecycle get-cursor-position@1.0.3~preinstall: no script for preinstall, continuing
193 silly lifecycle ascii-progress@1.0.5~preinstall: no script for preinstall, continuing
194 silly doReverseSerial remove 0
195 silly doSerial move 0
196 silly doSerial finalize 2
197 silly finalize D:\JS\js-homework\lesson3_cloud_server\filesync\node_modules\get-cursor-position
198 silly finalize D:\JS\js-homework\lesson3_cloud_server\filesync\node_modules\ascii-progress
199 silly doSerial build 2
200 silly build get-cursor-position@1.0.3
201 info linkStuff get-cursor-position@1.0.3
202 silly linkStuff get-cursor-position@1.0.3 has D:\JS\js-homework\lesson3_cloud_server\filesync\node_modules as its parent node_modules
203 verbose linkBins get-cursor-position@1.0.3
204 verbose linkMans get-cursor-position@1.0.3
205 silly build ascii-progress@1.0.5
206 info linkStuff ascii-progress@1.0.5
207 silly linkStuff ascii-progress@1.0.5 has D:\JS\js-homework\lesson3_cloud_server\filesync\node_modules as its parent node_modules
208 verbose linkBins ascii-progress@1.0.5
209 verbose linkMans ascii-progress@1.0.5
210 silly doSerial global-link 0
211 silly doParallel update-linked 0
212 silly doSerial install 2
213 silly install get-cursor-position@1.0.3 D:\JS\js-homework\lesson3_cloud_server\filesync\node_modules\.staging\get-cursor-position-c51e7469
214 info lifecycle get-cursor-position@1.0.3~install: get-cursor-position@1.0.3
215 verbose lifecycle get-cursor-position@1.0.3~install: unsafe-perm in lifecycle true
216 verbose lifecycle get-cursor-position@1.0.3~install: PATH: C:\Program Files\nodejs\node_modules\npm\bin\node-gyp-bin;D:\JS\js-homework\lesson3_cloud_server\filesync\node_modules\get-cursor-position\node_modules\.bin;D:\JS\js-homework\lesson3_cloud_server\filesync\node_modules\.bin;C:\Users\olga.tigirova\bin;C:\Program Files\Git\mingw64\bin;C:\Program Files\Git\usr\local\bin;C:\Program Files\Git\usr\bin;C:\Program Files\Git\usr\bin;C:\Program Files\Git\mingw64\bin;C:\Program Files\Git\usr\bin;C:\Users\olga.tigirova\bin;C:\Program Files (x86)\Seagate Software\NOTES;C:\Program Files (x86)\Seagate Software\NOTES\DATA;C:\Program Files (x86)\Intel\iCLS Client;C:\Program Files\Intel\iCLS Client;C:\Windows\system32;C:\Windows;C:\Windows\System32\Wbem;C:\Windows\System32\WindowsPowerShell\v1.0;C:\Program Files (x86)\AccuRev\bin;C:\Program Files (x86)\Microsoft SQL Server\90\Tools\binn;C:\Program Files (x86)\Microsoft SQL Server\100\Tools\Binn;C:\Program Files\Microsoft SQL Server\100\Tools\Binn;C:\Program Files\Microsoft SQL Server\100\DTS\Binn;C:\Program Files (x86)\Microsoft SQL Server\100\Tools\Binn\VSShell\Common7\IDE;C:\Program Files (x86)\Microsoft Visual Studio 9.0\Common7\IDE\PrivateAssemblies;C:\Program Files (x86)\Microsoft SQL Server\100\DTS\Binn;D:\work\workspaces\main_IRI_INT_3.8.0\DevOther\bin;D:\work\workspaces\main_IRI_INT_3.8.0\DevOther\dll;D:\work\workspaces\main_IRI_INT_3.8.0\DevOther\bin;D:\work\workspaces\main_IRI_INT_3.8.0\DevOther\dll;C:\Program Files (x86)\Microsoft SQL Server\80\Tools\Binn;C:\Program Files (x86)\Microsoft SQL Server\110\Tools\Binn\ManagementStudio;C:\Program Files (x86)\Microsoft SQL Server\110\Tools\Binn;C:\Program Files\Microsoft SQL Server\110\Tools\Binn;C:\Program Files (x86)\Microsoft SQL Server\110\DTS\Binn;C:\Program Files\Microsoft SQL Server\110\DTS\Binn;C:\Python33;C:\Program Files\wkhtmltopdf\bin;C:\Program Files (x86)\Skype\Phone;C:\Program Files\Intel\Intel(R) Management Engine Components\DAL;C:\Program Files\Intel\Intel(R) Management Engine Components\IPT;C:\Program Files (x86)\Intel\Intel(R) Management Engine Components\DAL;C:\Program Files (x86)\Intel\Intel(R) Management Engine Components\IPT;C:\Program Files (x86)\OPOS\Epson2;C:\Program Files\nodejs;C:\Program Files\Git\cmd;C:\Windows\system32;C:\Windows;C:\Windows\System32\Wbem;C:\Windows\System32\WindowsPowerShell\v1.0;C:\Program Files (x86)\AccuRev\bin;C:\Program Files (x86)\Microsoft SQL Server\90\Tools\binn;C:\Program Files (x86)\Microsoft SQL Server\100\Tools\Binn;C:\Program Files\Microsoft SQL Server\100\Tools\Binn;C:\Program Files\Microsoft SQL Server\100\DTS\Binn;C:\Program Files (x86)\Microsoft SQL Server\100\Tools\Binn\VSShell\Common7\IDE;C:\Program Files (x86)\Microsoft Visual Studio 9.0\Common7\IDE\PrivateAssemblies;C:\Program Files (x86)\Microsoft SQL Server\100\DTS\Binn;D:\work\workspaces\main_IRI_INT_3.8.0\DevOther\bin;D:\work\workspaces\main_IRI_INT_3.8.0\DevOther\dll;D:\work\workspaces\main_IRI_INT_3.8.0\DevOther\bin;D:\work\workspaces\main_IRI_INT_3.8.0\DevOther\dll;C:\Users\olga.tigirova\AppData\Roaming\npm;C:\Program Files (x86)\Microsoft VS Code\bin;C:\Program Files\Git\usr\bin\vendor_perl;C:\Program Files\Git\usr\bin\core_perl
217 verbose lifecycle get-cursor-position@1.0.3~install: CWD: D:\JS\js-homework\lesson3_cloud_server\filesync\node_modules\get-cursor-position
218 silly lifecycle get-cursor-position@1.0.3~install: Args: [ '/d /s /c', 'node-gyp rebuild' ]
219 silly lifecycle get-cursor-position@1.0.3~install: Returned: code: 1  signal: null
220 info lifecycle get-cursor-position@1.0.3~install: Failed to exec install script
221 verbose unlock done using C:\Users\olga.tigirova\AppData\Roaming\npm-cache\_locks\staging-f9ae57b4dab2bef7.lock for D:\JS\js-homework\lesson3_cloud_server\filesync\node_modules\.staging
222 silly rollbackFailedOptional Starting
223 silly rollbackFailedOptional Finishing
224 silly runTopLevelLifecycles Finishing
225 silly install printInstalled
226 warn filesync@0.0.2 No repository field.
227 verbose If you need help, you may report this error at:
227 verbose     <https://github.com/npm/npm/issues>
228 warn filesync@0.0.2 No license field.
229 verbose If you need help, you may report this error at:
229 verbose     <https://github.com/npm/npm/issues>
230 verbose stack Error: get-cursor-position@1.0.3 install: `node-gyp rebuild`
230 verbose stack Exit status 1
230 verbose stack     at EventEmitter.<anonymous> (C:\Program Files\nodejs\node_modules\npm\lib\utils\lifecycle.js:255:16)
230 verbose stack     at emitTwo (events.js:106:13)
230 verbose stack     at EventEmitter.emit (events.js:191:7)
230 verbose stack     at ChildProcess.<anonymous> (C:\Program Files\nodejs\node_modules\npm\lib\utils\spawn.js:40:14)
230 verbose stack     at emitTwo (events.js:106:13)
230 verbose stack     at ChildProcess.emit (events.js:191:7)
230 verbose stack     at maybeClose (internal/child_process.js:877:16)
230 verbose stack     at Process.ChildProcess._handle.onexit (internal/child_process.js:226:5)
231 verbose pkgid get-cursor-position@1.0.3
232 verbose cwd D:\JS\js-homework\lesson3_cloud_server\filesync
233 error Windows_NT 6.1.7601
234 error argv "C:\\Program Files\\nodejs\\node.exe" "C:\\Program Files\\nodejs\\node_modules\\npm\\bin\\npm-cli.js" "link"
235 error node v6.9.4
236 error npm  v3.10.10
237 error code ELIFECYCLE
238 error get-cursor-position@1.0.3 install: `node-gyp rebuild`
238 error Exit status 1
239 error Failed at the get-cursor-position@1.0.3 install script 'node-gyp rebuild'.
239 error Make sure you have the latest version of node.js and npm installed.
239 error If you do, this is most likely a problem with the get-cursor-position package,
239 error not with npm itself.
239 error Tell the author that this fails on your system:
239 error     node-gyp rebuild
239 error You can get information on how to open an issue for this project with:
239 error     npm bugs get-cursor-position
239 error Or if that isn't available, you can get their info via:
239 error     npm owner ls get-cursor-position
239 error There is likely additional logging output above.
240 verbose exit [ 1, true ]
